<?xml version="1.0" encoding="UTF-8"?>
<testsuite name="com.thoughtworks.bootcamp.WithdrawTest" tests="1" skipped="0" failures="0" errors="0" timestamp="2019-09-24T04:39:23" hostname="Avanis-MacBook-Pro.local" time="0.01">
  <properties/>
  <testcase name="givenAmount_WhenWithdraw_ThenShouldReturnRemainingAmmount()" classname="com.thoughtworks.bootcamp.WithdrawTest" time="0.01"/>
  <system-out><![CDATA[]]></system-out>
  <system-err><![CDATA[]]></system-err>
</testsuite>
